\BOOKMARK [1][-]{section.1}{INTRODUCTION}{}% 1
\BOOKMARK [1][-]{section.2}{INDIFFERENCE-ZONE RANKING AND SELECTION}{}% 2
\BOOKMARK [1][-]{section.3}{THE BAYES-INSPIRED IZ \(BIZ\) PROCEDURE}{}% 3
\BOOKMARK [1][-]{section.4}{ASYMPTOTIC VALIDITY WHEN THE VARIANCES ARE KNOWN}{}% 4
\BOOKMARK [2][-]{subsection.4.1}{Language}{section.4}% 5
\BOOKMARK [2][-]{subsection.4.2}{Objectivity}{section.4}% 6
\BOOKMARK [2][-]{subsection.4.3}{Paper Submission}{section.4}% 7
\BOOKMARK [2][-]{subsection.4.4}{Length Constraints}{section.4}% 8
\BOOKMARK [3][-]{subsubsection.4.4.1}{ \040The Abstract and Keywords}{subsection.4.4}% 9
\BOOKMARK [3][-]{subsubsection.4.4.2}{ \040Length of the Paper}{subsection.4.4}% 10
\BOOKMARK [3][-]{subsubsection.4.4.3}{ \040Font Specification and Spacing}{subsection.4.4}% 11
\BOOKMARK [3][-]{subsubsection.4.4.4}{ \040Margins}{subsection.4.4}% 12
\BOOKMARK [3][-]{subsubsection.4.4.5}{ \040Justification}{subsection.4.4}% 13
\BOOKMARK [2][-]{subsection.4.5}{Headings of Sections, Subsections, and Subsubsections}{section.4}% 14
\BOOKMARK [3][-]{subsubsection.4.5.1}{ \040Paragraphs}{subsection.4.5}% 15
\BOOKMARK [3][-]{subsubsection.4.5.2}{ \040Footnotes}{subsection.4.5}% 16
\BOOKMARK [3][-]{subsubsection.4.5.3}{ \040Page Numbers}{subsection.4.5}% 17
\BOOKMARK [1][-]{section.5}{FORMATTING THE FIRST PAGE}{}% 18
\BOOKMARK [2][-]{subsection.5.1}{Running Heads}{section.5}% 19
\BOOKMARK [2][-]{subsection.5.2}{Title and Authors}{section.5}% 20
\BOOKMARK [1][-]{section.6}{FORMATTING SUBSEQUENT PAGES}{}% 21
\BOOKMARK [2][-]{subsection.6.1}{Mathematical Expressions in Text and in Displays}{section.6}% 22
\BOOKMARK [2][-]{subsection.6.2}{Displayed Lists}{section.6}% 23
\BOOKMARK [2][-]{subsection.6.3}{Definitions and Theorems}{section.6}% 24
\BOOKMARK [2][-]{subsection.6.4}{Figures and Tables}{section.6}% 25
\BOOKMARK [2][-]{subsection.6.5}{Hyperlinks}{section.6}% 26
\BOOKMARK [2][-]{subsection.6.6}{Citing a Reference}{section.6}% 27
\BOOKMARK [2][-]{subsection.6.7}{List of References}{section.6}% 28
\BOOKMARK [1][-]{section.7}{USING BIBTeX}{}% 29
\BOOKMARK [2][-]{subsection.7.1}{Set Up the BIBTeX Input Files}{section.7}% 30
\BOOKMARK [2][-]{subsection.7.2}{Use the Citation Macros}{section.7}% 31
\BOOKMARK [2][-]{subsection.7.3}{Generate the Bibliography File}{section.7}% 32
\BOOKMARK [2][-]{subsection.7.4}{Include the Bibliography File in Your Submission}{section.7}% 33
\BOOKMARK [1][-]{section.8}{AUTHOR CHECKLIST}{}% 34
\BOOKMARK [1][-]{appendix.A}{APPENDICES}{}% 35
\BOOKMARK [1][-]{appendix.B}{GETTING HELP}{}% 36
\BOOKMARK [1][-]{appendix.C}{OFTEN OBSERVED MISTAKES}{}% 37
